<?xml version="1.0" encoding="UTF-8"?>
<!-- Generated by org.testng.reporters.JUnitReportReporter -->
<testsuite skipped="0" hostname="New-PC" name="TestCases.LoginTest" tests="1" failures="0" timestamp="27 Jun 2021 11:22:18 GMT" time="37.244" errors="0">
  <testcase name="verifyLogin" time="37.244" classname="TestCases.LoginTest"/>
</testsuite> <!-- TestCases.LoginTest -->
